<?xml version="1.0" encoding="UTF-8"?>
<!-- Generated by org.testng.reporters.JUnitXMLReporter -->
<testsuite ignored="0" hostname="Alla-PC-new" failures="0" tests="3" name="Command line test" time="1.331" errors="0" timestamp="2025-06-16T23:02:49 IDT">
  <testcase classname="ui.tests.BookingFlowTest" name="@BeforeMethod setUp" time="0.789">
    <failure type="com.microsoft.playwright.PlaywrightException" message="Error {
  message=&amp;apos;Executable doesn&amp;apos;t exist at C:\Users\Alla\AppData\Local\ms-playwright\chromium_headless_shell-1169\chrome-win\headless_shell.exe
╔════════════════════════════════════════════════════════════════════════════════════════════╗
║ Looks like Playwright was just installed or updated.                                       ║
║ Please run the following command to download new browsers:                                 ║
║                                                                                            ║
║     mvn exec:java -e -D exec.mainClass=com.microsoft.playwright.CLI -D exec.args=&amp;quot;install&amp;quot; ║
║                                                                                            ║
║ &amp;lt;3 Playwright Team                                                                         ║
╚════════════════════════════════════════════════════════════════════════════════════════════╝
  name=&amp;apos;Error
  stack=&amp;apos;Error: Executable doesn&amp;apos;t exist at C:\Users\Alla\AppData\Local\ms-playwright\chromium_headless_shell-1169\chrome-win\headless_shell.exe
╔════════════════════════════════════════════════════════════════════════════════════════════╗
║ Looks like Playwright was just installed or updated.                                       ║
║ Please run the following command to download new browsers:                                 ║
║                                                                                            ║
║     mvn exec:java -e -D exec.mainClass=com.microsoft.playwright.CLI -D exec.args=&amp;quot;install&amp;quot; ║
║                                                                                            ║
║ &amp;lt;3 Playwright Team                                                                         ║
╚════════════════════════════════════════════════════════════════════════════════════════════╝
    at executablePathOrDie (C:\Users\Alla\AppData\Local\Temp\playwright-java-4739020113251187373\package\lib\server\registry\index.js:496:15)
    at Object.executablePathOrDie (C:\Users\Alla\AppData\Local\Temp\playwright-java-4739020113251187373\package\lib\server\registry\index.js:527:45)
    at Chromium._launchProcess (C:\Users\Alla\AppData\Local\Temp\playwright-java-4739020113251187373\package\lib\server\browserType.js:205:39)
    at async Chromium._innerLaunch (C:\Users\Alla\AppData\Local\Temp\playwright-java-4739020113251187373\package\lib\server\browserType.js:135:70)
    at async Chromium._innerLaunchWithRetries (C:\Users\Alla\AppData\Local\Temp\playwright-java-4739020113251187373\package\lib\server\browserType.js:122:14)
    at async ProgressController.run (C:\Users\Alla\AppData\Local\Temp\playwright-java-4739020113251187373\package\lib\server\progress.js:80:22)
    at async Chromium.launch (C:\Users\Alla\AppData\Local\Temp\playwright-java-4739020113251187373\package\lib\server\browserType.js:87:21)
    at async BrowserTypeDispatcher.launch (C:\Users\Alla\AppData\Local\Temp\playwright-java-4739020113251187373\package\lib\server\dispatchers\browserTypeDispatcher.js:36:21)
    at async LongStandingScope._race (C:\Users\Alla\AppData\Local\Temp\playwright-java-4739020113251187373\package\lib\utils\isomorphic\manualPromise.js:95:14)
    at async BrowserTypeDispatcher._handleCommand (C:\Users\Alla\AppData\Local\Temp\playwright-java-4739020113251187373\package\lib\server\dispatchers\dispatcher.js:96:14)
}">
      <![CDATA[com.microsoft.playwright.PlaywrightException: Error {
  message='Executable doesn't exist at C:\Users\Alla\AppData\Local\ms-playwright\chromium_headless_shell-1169\chrome-win\headless_shell.exe
╔════════════════════════════════════════════════════════════════════════════════════════════╗
║ Looks like Playwright was just installed or updated.                                       ║
║ Please run the following command to download new browsers:                                 ║
║                                                                                            ║
║     mvn exec:java -e -D exec.mainClass=com.microsoft.playwright.CLI -D exec.args="install" ║
║                                                                                            ║
║ <3 Playwright Team                                                                         ║
╚════════════════════════════════════════════════════════════════════════════════════════════╝
  name='Error
  stack='Error: Executable doesn't exist at C:\Users\Alla\AppData\Local\ms-playwright\chromium_headless_shell-1169\chrome-win\headless_shell.exe
╔════════════════════════════════════════════════════════════════════════════════════════════╗
║ Looks like Playwright was just installed or updated.                                       ║
║ Please run the following command to download new browsers:                                 ║
║                                                                                            ║
║     mvn exec:java -e -D exec.mainClass=com.microsoft.playwright.CLI -D exec.args="install" ║
║                                                                                            ║
║ <3 Playwright Team                                                                         ║
╚════════════════════════════════════════════════════════════════════════════════════════════╝
    at executablePathOrDie (C:\Users\Alla\AppData\Local\Temp\playwright-java-4739020113251187373\package\lib\server\registry\index.js:496:15)
    at Object.executablePathOrDie (C:\Users\Alla\AppData\Local\Temp\playwright-java-4739020113251187373\package\lib\server\registry\index.js:527:45)
    at Chromium._launchProcess (C:\Users\Alla\AppData\Local\Temp\playwright-java-4739020113251187373\package\lib\server\browserType.js:205:39)
    at async Chromium._innerLaunch (C:\Users\Alla\AppData\Local\Temp\playwright-java-4739020113251187373\package\lib\server\browserType.js:135:70)
    at async Chromium._innerLaunchWithRetries (C:\Users\Alla\AppData\Local\Temp\playwright-java-4739020113251187373\package\lib\server\browserType.js:122:14)
    at async ProgressController.run (C:\Users\Alla\AppData\Local\Temp\playwright-java-4739020113251187373\package\lib\server\progress.js:80:22)
    at async Chromium.launch (C:\Users\Alla\AppData\Local\Temp\playwright-java-4739020113251187373\package\lib\server\browserType.js:87:21)
    at async BrowserTypeDispatcher.launch (C:\Users\Alla\AppData\Local\Temp\playwright-java-4739020113251187373\package\lib\server\dispatchers\browserTypeDispatcher.js:36:21)
    at async LongStandingScope._race (C:\Users\Alla\AppData\Local\Temp\playwright-java-4739020113251187373\package\lib\utils\isomorphic\manualPromise.js:95:14)
    at async BrowserTypeDispatcher._handleCommand (C:\Users\Alla\AppData\Local\Temp\playwright-java-4739020113251187373\package\lib\server\dispatchers\dispatcher.js:96:14)
}
at com.microsoft.playwright.impl.WaitableResult.get(WaitableResult.java:56)
at com.microsoft.playwright.impl.ChannelOwner.runUntil(ChannelOwner.java:132)
at com.microsoft.playwright.impl.Connection.sendMessage(Connection.java:130)
at com.microsoft.playwright.impl.ChannelOwner.sendMessage(ChannelOwner.java:118)
at com.microsoft.playwright.impl.BrowserTypeImpl.launchImpl(BrowserTypeImpl.java:52)
at com.microsoft.playwright.impl.BrowserTypeImpl.lambda$launch$0(BrowserTypeImpl.java:44)
at com.microsoft.playwright.impl.LoggingSupport.withLogging(LoggingSupport.java:47)
at com.microsoft.playwright.impl.ChannelOwner.withLogging(ChannelOwner.java:97)
at com.microsoft.playwright.impl.BrowserTypeImpl.launch(BrowserTypeImpl.java:44)
at com.microsoft.playwright.impl.BrowserTypeImpl.launch(BrowserTypeImpl.java:37)
at ui.tests.BookingFlowTest.setUp(BookingFlowTest.java:32)
at java.base/java.util.ArrayList.forEach(ArrayList.java:1597)
at api.tests.TestRunner.main(TestRunner.java:69)
Caused by: com.microsoft.playwright.impl.DriverException: Error {
  message='Executable doesn't exist at C:\Users\Alla\AppData\Local\ms-playwright\chromium_headless_shell-1169\chrome-win\headless_shell.exe
╔════════════════════════════════════════════════════════════════════════════════════════════╗
║ Looks like Playwright was just installed or updated.                                       ║
║ Please run the following command to download new browsers:                                 ║
║                                                                                            ║
║     mvn exec:java -e -D exec.mainClass=com.microsoft.playwright.CLI -D exec.args="install" ║
║                                                                                            ║
║ <3 Playwright Team                                                                         ║
╚════════════════════════════════════════════════════════════════════════════════════════════╝
  name='Error
  stack='Error: Executable doesn't exist at C:\Users\Alla\AppData\Local\ms-playwright\chromium_headless_shell-1169\chrome-win\headless_shell.exe
╔════════════════════════════════════════════════════════════════════════════════════════════╗
║ Looks like Playwright was just installed or updated.                                       ║
║ Please run the following command to download new browsers:                                 ║
║                                                                                            ║
║     mvn exec:java -e -D exec.mainClass=com.microsoft.playwright.CLI -D exec.args="install" ║
║                                                                                            ║
║ <3 Playwright Team                                                                         ║
╚════════════════════════════════════════════════════════════════════════════════════════════╝
    at executablePathOrDie (C:\Users\Alla\AppData\Local\Temp\playwright-java-4739020113251187373\package\lib\server\registry\index.js:496:15)
    at Object.executablePathOrDie (C:\Users\Alla\AppData\Local\Temp\playwright-java-4739020113251187373\package\lib\server\registry\index.js:527:45)
    at Chromium._launchProcess (C:\Users\Alla\AppData\Local\Temp\playwright-java-4739020113251187373\package\lib\server\browserType.js:205:39)
    at async Chromium._innerLaunch (C:\Users\Alla\AppData\Local\Temp\playwright-java-4739020113251187373\package\lib\server\browserType.js:135:70)
    at async Chromium._innerLaunchWithRetries (C:\Users\Alla\AppData\Local\Temp\playwright-java-4739020113251187373\package\lib\server\browserType.js:122:14)
    at async ProgressController.run (C:\Users\Alla\AppData\Local\Temp\playwright-java-4739020113251187373\package\lib\server\progress.js:80:22)
    at async Chromium.launch (C:\Users\Alla\AppData\Local\Temp\playwright-java-4739020113251187373\package\lib\server\browserType.js:87:21)
    at async BrowserTypeDispatcher.launch (C:\Users\Alla\AppData\Local\Temp\playwright-java-4739020113251187373\package\lib\server\dispatchers\browserTypeDispatcher.js:36:21)
    at async LongStandingScope._race (C:\Users\Alla\AppData\Local\Temp\playwright-java-4739020113251187373\package\lib\utils\isomorphic\manualPromise.js:95:14)
    at async BrowserTypeDispatcher._handleCommand (C:\Users\Alla\AppData\Local\Temp\playwright-java-4739020113251187373\package\lib\server\dispatchers\dispatcher.js:96:14)
}
at com.microsoft.playwright.impl.Connection.dispatch(Connection.java:259)
at com.microsoft.playwright.impl.Connection.processOneMessage(Connection.java:211)
at com.microsoft.playwright.impl.ChannelOwner.runUntil(ChannelOwner.java:130)
... 37 more
... Removed 26 stack frames]]>
    </failure>
  </testcase> <!-- @BeforeMethod setUp -->
  <testcase classname="ui.tests.BookingFlowTest" name="@AfterMethod tearDown" time="0.0">
    <skipped/>
  </testcase> <!-- @AfterMethod tearDown -->
  <testcase classname="ui.tests.DeleteBookingTest" name="@BeforeMethod setUp" time="0.259">
    <failure type="com.microsoft.playwright.PlaywrightException" message="Error {
  message=&amp;apos;Executable doesn&amp;apos;t exist at C:\Users\Alla\AppData\Local\ms-playwright\chromium_headless_shell-1169\chrome-win\headless_shell.exe
╔════════════════════════════════════════════════════════════════════════════════════════════╗
║ Looks like Playwright was just installed or updated.                                       ║
║ Please run the following command to download new browsers:                                 ║
║                                                                                            ║
║     mvn exec:java -e -D exec.mainClass=com.microsoft.playwright.CLI -D exec.args=&amp;quot;install&amp;quot; ║
║                                                                                            ║
║ &amp;lt;3 Playwright Team                                                                         ║
╚════════════════════════════════════════════════════════════════════════════════════════════╝
  name=&amp;apos;Error
  stack=&amp;apos;Error: Executable doesn&amp;apos;t exist at C:\Users\Alla\AppData\Local\ms-playwright\chromium_headless_shell-1169\chrome-win\headless_shell.exe
╔════════════════════════════════════════════════════════════════════════════════════════════╗
║ Looks like Playwright was just installed or updated.                                       ║
║ Please run the following command to download new browsers:                                 ║
║                                                                                            ║
║     mvn exec:java -e -D exec.mainClass=com.microsoft.playwright.CLI -D exec.args=&amp;quot;install&amp;quot; ║
║                                                                                            ║
║ &amp;lt;3 Playwright Team                                                                         ║
╚════════════════════════════════════════════════════════════════════════════════════════════╝
    at executablePathOrDie (C:\Users\Alla\AppData\Local\Temp\playwright-java-4739020113251187373\package\lib\server\registry\index.js:496:15)
    at Object.executablePathOrDie (C:\Users\Alla\AppData\Local\Temp\playwright-java-4739020113251187373\package\lib\server\registry\index.js:527:45)
    at Chromium._launchProcess (C:\Users\Alla\AppData\Local\Temp\playwright-java-4739020113251187373\package\lib\server\browserType.js:205:39)
    at async Chromium._innerLaunch (C:\Users\Alla\AppData\Local\Temp\playwright-java-4739020113251187373\package\lib\server\browserType.js:135:70)
    at async Chromium._innerLaunchWithRetries (C:\Users\Alla\AppData\Local\Temp\playwright-java-4739020113251187373\package\lib\server\browserType.js:122:14)
    at async ProgressController.run (C:\Users\Alla\AppData\Local\Temp\playwright-java-4739020113251187373\package\lib\server\progress.js:80:22)
    at async Chromium.launch (C:\Users\Alla\AppData\Local\Temp\playwright-java-4739020113251187373\package\lib\server\browserType.js:87:21)
    at async BrowserTypeDispatcher.launch (C:\Users\Alla\AppData\Local\Temp\playwright-java-4739020113251187373\package\lib\server\dispatchers\browserTypeDispatcher.js:36:21)
    at async LongStandingScope._race (C:\Users\Alla\AppData\Local\Temp\playwright-java-4739020113251187373\package\lib\utils\isomorphic\manualPromise.js:95:14)
    at async BrowserTypeDispatcher._handleCommand (C:\Users\Alla\AppData\Local\Temp\playwright-java-4739020113251187373\package\lib\server\dispatchers\dispatcher.js:96:14)
}">
      <![CDATA[com.microsoft.playwright.PlaywrightException: Error {
  message='Executable doesn't exist at C:\Users\Alla\AppData\Local\ms-playwright\chromium_headless_shell-1169\chrome-win\headless_shell.exe
╔════════════════════════════════════════════════════════════════════════════════════════════╗
║ Looks like Playwright was just installed or updated.                                       ║
║ Please run the following command to download new browsers:                                 ║
║                                                                                            ║
║     mvn exec:java -e -D exec.mainClass=com.microsoft.playwright.CLI -D exec.args="install" ║
║                                                                                            ║
║ <3 Playwright Team                                                                         ║
╚════════════════════════════════════════════════════════════════════════════════════════════╝
  name='Error
  stack='Error: Executable doesn't exist at C:\Users\Alla\AppData\Local\ms-playwright\chromium_headless_shell-1169\chrome-win\headless_shell.exe
╔════════════════════════════════════════════════════════════════════════════════════════════╗
║ Looks like Playwright was just installed or updated.                                       ║
║ Please run the following command to download new browsers:                                 ║
║                                                                                            ║
║     mvn exec:java -e -D exec.mainClass=com.microsoft.playwright.CLI -D exec.args="install" ║
║                                                                                            ║
║ <3 Playwright Team                                                                         ║
╚════════════════════════════════════════════════════════════════════════════════════════════╝
    at executablePathOrDie (C:\Users\Alla\AppData\Local\Temp\playwright-java-4739020113251187373\package\lib\server\registry\index.js:496:15)
    at Object.executablePathOrDie (C:\Users\Alla\AppData\Local\Temp\playwright-java-4739020113251187373\package\lib\server\registry\index.js:527:45)
    at Chromium._launchProcess (C:\Users\Alla\AppData\Local\Temp\playwright-java-4739020113251187373\package\lib\server\browserType.js:205:39)
    at async Chromium._innerLaunch (C:\Users\Alla\AppData\Local\Temp\playwright-java-4739020113251187373\package\lib\server\browserType.js:135:70)
    at async Chromium._innerLaunchWithRetries (C:\Users\Alla\AppData\Local\Temp\playwright-java-4739020113251187373\package\lib\server\browserType.js:122:14)
    at async ProgressController.run (C:\Users\Alla\AppData\Local\Temp\playwright-java-4739020113251187373\package\lib\server\progress.js:80:22)
    at async Chromium.launch (C:\Users\Alla\AppData\Local\Temp\playwright-java-4739020113251187373\package\lib\server\browserType.js:87:21)
    at async BrowserTypeDispatcher.launch (C:\Users\Alla\AppData\Local\Temp\playwright-java-4739020113251187373\package\lib\server\dispatchers\browserTypeDispatcher.js:36:21)
    at async LongStandingScope._race (C:\Users\Alla\AppData\Local\Temp\playwright-java-4739020113251187373\package\lib\utils\isomorphic\manualPromise.js:95:14)
    at async BrowserTypeDispatcher._handleCommand (C:\Users\Alla\AppData\Local\Temp\playwright-java-4739020113251187373\package\lib\server\dispatchers\dispatcher.js:96:14)
}
at com.microsoft.playwright.impl.WaitableResult.get(WaitableResult.java:56)
at com.microsoft.playwright.impl.ChannelOwner.runUntil(ChannelOwner.java:132)
at com.microsoft.playwright.impl.Connection.sendMessage(Connection.java:130)
at com.microsoft.playwright.impl.ChannelOwner.sendMessage(ChannelOwner.java:118)
at com.microsoft.playwright.impl.BrowserTypeImpl.launchImpl(BrowserTypeImpl.java:52)
at com.microsoft.playwright.impl.BrowserTypeImpl.lambda$launch$0(BrowserTypeImpl.java:44)
at com.microsoft.playwright.impl.LoggingSupport.withLogging(LoggingSupport.java:47)
at com.microsoft.playwright.impl.ChannelOwner.withLogging(ChannelOwner.java:97)
at com.microsoft.playwright.impl.BrowserTypeImpl.launch(BrowserTypeImpl.java:44)
at com.microsoft.playwright.impl.BrowserTypeImpl.launch(BrowserTypeImpl.java:37)
at com.microsoft.playwright.BrowserType.launch(BrowserType.java:1326)
at ui.tests.DeleteBookingTest.setUp(DeleteBookingTest.java:28)
at java.base/java.util.ArrayList.forEach(ArrayList.java:1597)
at api.tests.TestRunner.main(TestRunner.java:69)
Caused by: com.microsoft.playwright.impl.DriverException: Error {
  message='Executable doesn't exist at C:\Users\Alla\AppData\Local\ms-playwright\chromium_headless_shell-1169\chrome-win\headless_shell.exe
╔════════════════════════════════════════════════════════════════════════════════════════════╗
║ Looks like Playwright was just installed or updated.                                       ║
║ Please run the following command to download new browsers:                                 ║
║                                                                                            ║
║     mvn exec:java -e -D exec.mainClass=com.microsoft.playwright.CLI -D exec.args="install" ║
║                                                                                            ║
║ <3 Playwright Team                                                                         ║
╚════════════════════════════════════════════════════════════════════════════════════════════╝
  name='Error
  stack='Error: Executable doesn't exist at C:\Users\Alla\AppData\Local\ms-playwright\chromium_headless_shell-1169\chrome-win\headless_shell.exe
╔════════════════════════════════════════════════════════════════════════════════════════════╗
║ Looks like Playwright was just installed or updated.                                       ║
║ Please run the following command to download new browsers:                                 ║
║                                                                                            ║
║     mvn exec:java -e -D exec.mainClass=com.microsoft.playwright.CLI -D exec.args="install" ║
║                                                                                            ║
║ <3 Playwright Team                                                                         ║
╚════════════════════════════════════════════════════════════════════════════════════════════╝
    at executablePathOrDie (C:\Users\Alla\AppData\Local\Temp\playwright-java-4739020113251187373\package\lib\server\registry\index.js:496:15)
    at Object.executablePathOrDie (C:\Users\Alla\AppData\Local\Temp\playwright-java-4739020113251187373\package\lib\server\registry\index.js:527:45)
    at Chromium._launchProcess (C:\Users\Alla\AppData\Local\Temp\playwright-java-4739020113251187373\package\lib\server\browserType.js:205:39)
    at async Chromium._innerLaunch (C:\Users\Alla\AppData\Local\Temp\playwright-java-4739020113251187373\package\lib\server\browserType.js:135:70)
    at async Chromium._innerLaunchWithRetries (C:\Users\Alla\AppData\Local\Temp\playwright-java-4739020113251187373\package\lib\server\browserType.js:122:14)
    at async ProgressController.run (C:\Users\Alla\AppData\Local\Temp\playwright-java-4739020113251187373\package\lib\server\progress.js:80:22)
    at async Chromium.launch (C:\Users\Alla\AppData\Local\Temp\playwright-java-4739020113251187373\package\lib\server\browserType.js:87:21)
    at async BrowserTypeDispatcher.launch (C:\Users\Alla\AppData\Local\Temp\playwright-java-4739020113251187373\package\lib\server\dispatchers\browserTypeDispatcher.js:36:21)
    at async LongStandingScope._race (C:\Users\Alla\AppData\Local\Temp\playwright-java-4739020113251187373\package\lib\utils\isomorphic\manualPromise.js:95:14)
    at async BrowserTypeDispatcher._handleCommand (C:\Users\Alla\AppData\Local\Temp\playwright-java-4739020113251187373\package\lib\server\dispatchers\dispatcher.js:96:14)
}
at com.microsoft.playwright.impl.Connection.dispatch(Connection.java:259)
at com.microsoft.playwright.impl.Connection.processOneMessage(Connection.java:211)
at com.microsoft.playwright.impl.ChannelOwner.runUntil(ChannelOwner.java:130)
... 38 more
... Removed 26 stack frames]]>
    </failure>
  </testcase> <!-- @BeforeMethod setUp -->
  <testcase classname="ui.tests.DeleteBookingTest" name="@AfterMethod tearDown" time="0.0">
    <skipped/>
  </testcase> <!-- @AfterMethod tearDown -->
  <testcase classname="ui.tests.UpdateBookingTest" name="@BeforeMethod setUp" time="0.261">
    <failure type="com.microsoft.playwright.PlaywrightException" message="Error {
  message=&amp;apos;Executable doesn&amp;apos;t exist at C:\Users\Alla\AppData\Local\ms-playwright\chromium_headless_shell-1169\chrome-win\headless_shell.exe
╔════════════════════════════════════════════════════════════════════════════════════════════╗
║ Looks like Playwright was just installed or updated.                                       ║
║ Please run the following command to download new browsers:                                 ║
║                                                                                            ║
║     mvn exec:java -e -D exec.mainClass=com.microsoft.playwright.CLI -D exec.args=&amp;quot;install&amp;quot; ║
║                                                                                            ║
║ &amp;lt;3 Playwright Team                                                                         ║
╚════════════════════════════════════════════════════════════════════════════════════════════╝
  name=&amp;apos;Error
  stack=&amp;apos;Error: Executable doesn&amp;apos;t exist at C:\Users\Alla\AppData\Local\ms-playwright\chromium_headless_shell-1169\chrome-win\headless_shell.exe
╔════════════════════════════════════════════════════════════════════════════════════════════╗
║ Looks like Playwright was just installed or updated.                                       ║
║ Please run the following command to download new browsers:                                 ║
║                                                                                            ║
║     mvn exec:java -e -D exec.mainClass=com.microsoft.playwright.CLI -D exec.args=&amp;quot;install&amp;quot; ║
║                                                                                            ║
║ &amp;lt;3 Playwright Team                                                                         ║
╚════════════════════════════════════════════════════════════════════════════════════════════╝
    at executablePathOrDie (C:\Users\Alla\AppData\Local\Temp\playwright-java-4739020113251187373\package\lib\server\registry\index.js:496:15)
    at Object.executablePathOrDie (C:\Users\Alla\AppData\Local\Temp\playwright-java-4739020113251187373\package\lib\server\registry\index.js:527:45)
    at Chromium._launchProcess (C:\Users\Alla\AppData\Local\Temp\playwright-java-4739020113251187373\package\lib\server\browserType.js:205:39)
    at async Chromium._innerLaunch (C:\Users\Alla\AppData\Local\Temp\playwright-java-4739020113251187373\package\lib\server\browserType.js:135:70)
    at async Chromium._innerLaunchWithRetries (C:\Users\Alla\AppData\Local\Temp\playwright-java-4739020113251187373\package\lib\server\browserType.js:122:14)
    at async ProgressController.run (C:\Users\Alla\AppData\Local\Temp\playwright-java-4739020113251187373\package\lib\server\progress.js:80:22)
    at async Chromium.launch (C:\Users\Alla\AppData\Local\Temp\playwright-java-4739020113251187373\package\lib\server\browserType.js:87:21)
    at async BrowserTypeDispatcher.launch (C:\Users\Alla\AppData\Local\Temp\playwright-java-4739020113251187373\package\lib\server\dispatchers\browserTypeDispatcher.js:36:21)
    at async LongStandingScope._race (C:\Users\Alla\AppData\Local\Temp\playwright-java-4739020113251187373\package\lib\utils\isomorphic\manualPromise.js:95:14)
    at async BrowserTypeDispatcher._handleCommand (C:\Users\Alla\AppData\Local\Temp\playwright-java-4739020113251187373\package\lib\server\dispatchers\dispatcher.js:96:14)
}">
      <![CDATA[com.microsoft.playwright.PlaywrightException: Error {
  message='Executable doesn't exist at C:\Users\Alla\AppData\Local\ms-playwright\chromium_headless_shell-1169\chrome-win\headless_shell.exe
╔════════════════════════════════════════════════════════════════════════════════════════════╗
║ Looks like Playwright was just installed or updated.                                       ║
║ Please run the following command to download new browsers:                                 ║
║                                                                                            ║
║     mvn exec:java -e -D exec.mainClass=com.microsoft.playwright.CLI -D exec.args="install" ║
║                                                                                            ║
║ <3 Playwright Team                                                                         ║
╚════════════════════════════════════════════════════════════════════════════════════════════╝
  name='Error
  stack='Error: Executable doesn't exist at C:\Users\Alla\AppData\Local\ms-playwright\chromium_headless_shell-1169\chrome-win\headless_shell.exe
╔════════════════════════════════════════════════════════════════════════════════════════════╗
║ Looks like Playwright was just installed or updated.                                       ║
║ Please run the following command to download new browsers:                                 ║
║                                                                                            ║
║     mvn exec:java -e -D exec.mainClass=com.microsoft.playwright.CLI -D exec.args="install" ║
║                                                                                            ║
║ <3 Playwright Team                                                                         ║
╚════════════════════════════════════════════════════════════════════════════════════════════╝
    at executablePathOrDie (C:\Users\Alla\AppData\Local\Temp\playwright-java-4739020113251187373\package\lib\server\registry\index.js:496:15)
    at Object.executablePathOrDie (C:\Users\Alla\AppData\Local\Temp\playwright-java-4739020113251187373\package\lib\server\registry\index.js:527:45)
    at Chromium._launchProcess (C:\Users\Alla\AppData\Local\Temp\playwright-java-4739020113251187373\package\lib\server\browserType.js:205:39)
    at async Chromium._innerLaunch (C:\Users\Alla\AppData\Local\Temp\playwright-java-4739020113251187373\package\lib\server\browserType.js:135:70)
    at async Chromium._innerLaunchWithRetries (C:\Users\Alla\AppData\Local\Temp\playwright-java-4739020113251187373\package\lib\server\browserType.js:122:14)
    at async ProgressController.run (C:\Users\Alla\AppData\Local\Temp\playwright-java-4739020113251187373\package\lib\server\progress.js:80:22)
    at async Chromium.launch (C:\Users\Alla\AppData\Local\Temp\playwright-java-4739020113251187373\package\lib\server\browserType.js:87:21)
    at async BrowserTypeDispatcher.launch (C:\Users\Alla\AppData\Local\Temp\playwright-java-4739020113251187373\package\lib\server\dispatchers\browserTypeDispatcher.js:36:21)
    at async LongStandingScope._race (C:\Users\Alla\AppData\Local\Temp\playwright-java-4739020113251187373\package\lib\utils\isomorphic\manualPromise.js:95:14)
    at async BrowserTypeDispatcher._handleCommand (C:\Users\Alla\AppData\Local\Temp\playwright-java-4739020113251187373\package\lib\server\dispatchers\dispatcher.js:96:14)
}
at com.microsoft.playwright.impl.WaitableResult.get(WaitableResult.java:56)
at com.microsoft.playwright.impl.ChannelOwner.runUntil(ChannelOwner.java:132)
at com.microsoft.playwright.impl.Connection.sendMessage(Connection.java:130)
at com.microsoft.playwright.impl.ChannelOwner.sendMessage(ChannelOwner.java:118)
at com.microsoft.playwright.impl.BrowserTypeImpl.launchImpl(BrowserTypeImpl.java:52)
at com.microsoft.playwright.impl.BrowserTypeImpl.lambda$launch$0(BrowserTypeImpl.java:44)
at com.microsoft.playwright.impl.LoggingSupport.withLogging(LoggingSupport.java:47)
at com.microsoft.playwright.impl.ChannelOwner.withLogging(ChannelOwner.java:97)
at com.microsoft.playwright.impl.BrowserTypeImpl.launch(BrowserTypeImpl.java:44)
at com.microsoft.playwright.impl.BrowserTypeImpl.launch(BrowserTypeImpl.java:37)
at com.microsoft.playwright.BrowserType.launch(BrowserType.java:1326)
at ui.tests.UpdateBookingTest.setUp(UpdateBookingTest.java:30)
at java.base/java.util.ArrayList.forEach(ArrayList.java:1597)
at api.tests.TestRunner.main(TestRunner.java:69)
Caused by: com.microsoft.playwright.impl.DriverException: Error {
  message='Executable doesn't exist at C:\Users\Alla\AppData\Local\ms-playwright\chromium_headless_shell-1169\chrome-win\headless_shell.exe
╔════════════════════════════════════════════════════════════════════════════════════════════╗
║ Looks like Playwright was just installed or updated.                                       ║
║ Please run the following command to download new browsers:                                 ║
║                                                                                            ║
║     mvn exec:java -e -D exec.mainClass=com.microsoft.playwright.CLI -D exec.args="install" ║
║                                                                                            ║
║ <3 Playwright Team                                                                         ║
╚════════════════════════════════════════════════════════════════════════════════════════════╝
  name='Error
  stack='Error: Executable doesn't exist at C:\Users\Alla\AppData\Local\ms-playwright\chromium_headless_shell-1169\chrome-win\headless_shell.exe
╔════════════════════════════════════════════════════════════════════════════════════════════╗
║ Looks like Playwright was just installed or updated.                                       ║
║ Please run the following command to download new browsers:                                 ║
║                                                                                            ║
║     mvn exec:java -e -D exec.mainClass=com.microsoft.playwright.CLI -D exec.args="install" ║
║                                                                                            ║
║ <3 Playwright Team                                                                         ║
╚════════════════════════════════════════════════════════════════════════════════════════════╝
    at executablePathOrDie (C:\Users\Alla\AppData\Local\Temp\playwright-java-4739020113251187373\package\lib\server\registry\index.js:496:15)
    at Object.executablePathOrDie (C:\Users\Alla\AppData\Local\Temp\playwright-java-4739020113251187373\package\lib\server\registry\index.js:527:45)
    at Chromium._launchProcess (C:\Users\Alla\AppData\Local\Temp\playwright-java-4739020113251187373\package\lib\server\browserType.js:205:39)
    at async Chromium._innerLaunch (C:\Users\Alla\AppData\Local\Temp\playwright-java-4739020113251187373\package\lib\server\browserType.js:135:70)
    at async Chromium._innerLaunchWithRetries (C:\Users\Alla\AppData\Local\Temp\playwright-java-4739020113251187373\package\lib\server\browserType.js:122:14)
    at async ProgressController.run (C:\Users\Alla\AppData\Local\Temp\playwright-java-4739020113251187373\package\lib\server\progress.js:80:22)
    at async Chromium.launch (C:\Users\Alla\AppData\Local\Temp\playwright-java-4739020113251187373\package\lib\server\browserType.js:87:21)
    at async BrowserTypeDispatcher.launch (C:\Users\Alla\AppData\Local\Temp\playwright-java-4739020113251187373\package\lib\server\dispatchers\browserTypeDispatcher.js:36:21)
    at async LongStandingScope._race (C:\Users\Alla\AppData\Local\Temp\playwright-java-4739020113251187373\package\lib\utils\isomorphic\manualPromise.js:95:14)
    at async BrowserTypeDispatcher._handleCommand (C:\Users\Alla\AppData\Local\Temp\playwright-java-4739020113251187373\package\lib\server\dispatchers\dispatcher.js:96:14)
}
at com.microsoft.playwright.impl.Connection.dispatch(Connection.java:259)
at com.microsoft.playwright.impl.Connection.processOneMessage(Connection.java:211)
at com.microsoft.playwright.impl.ChannelOwner.runUntil(ChannelOwner.java:130)
... 38 more
... Removed 26 stack frames]]>
    </failure>
  </testcase> <!-- @BeforeMethod setUp -->
  <testcase classname="ui.tests.UpdateBookingTest" name="@AfterMethod tearDown" time="0.0">
    <skipped/>
  </testcase> <!-- @AfterMethod tearDown -->
  <testcase classname="ui.tests.BookingFlowTest" name="bookAllRoomsWithValidation" time="0.0">
    <skipped/>
  </testcase> <!-- bookAllRoomsWithValidation -->
  <testcase classname="ui.tests.DeleteBookingTest" name="cancelSuiteBooking" time="0.0">
    <skipped/>
  </testcase> <!-- cancelSuiteBooking -->
  <testcase classname="ui.tests.UpdateBookingTest" name="updatePhone" time="0.0">
    <skipped/>
  </testcase> <!-- updatePhone -->
</testsuite> <!-- Command line test -->
